<?xml version="1.0" encoding="UTF-8"?>
<!-- Generated by org.testng.reporters.JUnitReportReporter -->
<testsuite hostname="LAPTOP-TT8TF5GG" failures="0" tests="3" name="org.test.SampleTest" time="25.684" errors="0" timestamp="2023-03-10T12:59:37 IST" skipped="0">
  <testcase classname="org.test.SampleTest" name="tc2" time="5.916"/>
  <system-out/>
  <testcase classname="org.test.SampleTest" name="tc3" time="13.593"/>
  <system-out/>
  <testcase classname="org.test.SampleTest" name="tc1" time="6.175"/>
  <system-out/>
</testsuite> <!-- org.test.SampleTest -->
