<?xml version="1.0" encoding="UTF-8"?>
<!-- Generated by org.testng.reporters.JUnitReportReporter -->
<testsuite hostname="LAPTOP-TT8TF5GG" failures="0" tests="3" name="org.test.SampleTest2" time="31.678" errors="0" timestamp="2023-03-10T12:59:37 IST" skipped="0">
  <testcase classname="org.test.SampleTest2" name="tc3" time="10.588"/>
  <system-out/>
  <testcase classname="org.test.SampleTest2" name="tc2" time="12.860"/>
  <system-out/>
  <testcase classname="org.test.SampleTest2" name="tc1" time="8.230"/>
  <system-out/>
</testsuite> <!-- org.test.SampleTest2 -->
