<?xml version="1.0" encoding="UTF-8"?>
<!-- Generated by org.testng.reporters.JUnitReportReporter -->
<testsuite hostname="LAPTOP-TT8TF5GG" failures="0" tests="3" name="org.test.SampleTest3" time="42.278" errors="0" timestamp="2023-03-10T12:59:37 IST" skipped="0">
  <testcase classname="org.test.SampleTest3" name="tc1" time="8.900"/>
  <system-out/>
  <testcase classname="org.test.SampleTest3" name="tc3" time="7.014"/>
  <system-out/>
  <testcase classname="org.test.SampleTest3" name="tc2" time="26.364"/>
  <system-out/>
</testsuite> <!-- org.test.SampleTest3 -->
